Start testing: Jun 20 13:47 CEST
----------------------------------------------------------
1/1 Testing: program.unit_tests
1/1 Test: program.unit_tests
Command: "/home/kamil/Pulpit/po/rep1/zad5_3-Orlowski-K/build/unit_tests" "-V"
Directory: /home/kamil/Pulpit/po/rep1/zad5_3-Orlowski-K/build/tests
"program.unit_tests" start time: Jun 20 13:47 CEST
Output:
----------------------------------------------------------
[doctest] doctest version is "2.4.5"
[doctest] run with "--help" for options

 Blad otwarcia do odczytu pliku: ../datasets/templates/obstacle.dat


 Blad otwarcia do odczytu pliku: ../datasets/templates/cuboid.dat


 Blad otwarcia do odczytu pliku: ../datasets/templates/obstacle.dat


 Blad otwarcia do odczytu pliku: ../datasets/templates/cuboid.dat


 Blad otwarcia do odczytu pliku: ../datasets/templates/obstacle.dat


 Blad otwarcia do odczytu pliku: ../datasets/templates/cuboid.dat

===============================================================================
/home/kamil/Pulpit/po/rep1/zad5_3-Orlowski-K/tests/main.cpp:436:
TEST CASE:  Test wykrywania kolizji - na lewo od gory (kolizja) 

/home/kamil/Pulpit/po/rep1/zad5_3-Orlowski-K/tests/main.cpp:451: ERROR: CHECK( !Scene.Check_Landing_Zone() ) is NOT correct!
  values: CHECK( false )


 Blad otwarcia do odczytu pliku: ../datasets/templates/obstacle.dat


 Blad otwarcia do odczytu pliku: ../datasets/templates/cuboid.dat

===============================================================================
/home/kamil/Pulpit/po/rep1/zad5_3-Orlowski-K/tests/main.cpp:455:
TEST CASE:  Test wykrywania kolizji - na prawo od gory (kolizja)

/home/kamil/Pulpit/po/rep1/zad5_3-Orlowski-K/tests/main.cpp:470: ERROR: CHECK( !Scene.Check_Landing_Zone() ) is NOT correct!
  values: CHECK( false )


 Blad otwarcia do odczytu pliku: ../datasets/templates/obstacle.dat


 Blad otwarcia do odczytu pliku: ../datasets/templates/cuboid.dat

===============================================================================
/home/kamil/Pulpit/po/rep1/zad5_3-Orlowski-K/tests/main.cpp:474:
TEST CASE:  Test wykrywania kolizji - w srodku gory

/home/kamil/Pulpit/po/rep1/zad5_3-Orlowski-K/tests/main.cpp:489: ERROR: CHECK( !Scene.Check_Landing_Zone() ) is NOT correct!
  values: CHECK( false )


 Blad otwarcia do odczytu pliku: ../datasets/templates/obstacle.dat


 Blad otwarcia do odczytu pliku: ../datasets/templates/cuboid.dat


 Blad otwarcia do odczytu pliku: ../datasets/templates/obstacle.dat


 Blad otwarcia do odczytu pliku: ../datasets/templates/cuboid.dat


 Blad otwarcia do odczytu pliku: ../datasets/templates/obstacle.dat


 Blad otwarcia do odczytu pliku: ../datasets/templates/cuboid.dat

===============================================================================
/home/kamil/Pulpit/po/rep1/zad5_3-Orlowski-K/tests/main.cpp:531:
TEST CASE:  Test wykrywania kolizji - powyzej gory (kolizja)

/home/kamil/Pulpit/po/rep1/zad5_3-Orlowski-K/tests/main.cpp:546: ERROR: CHECK( !Scene.Check_Landing_Zone() ) is NOT correct!
  values: CHECK( false )


 Blad otwarcia do odczytu pliku: ../datasets/templates/obstacle.dat


 Blad otwarcia do odczytu pliku: ../datasets/templates/cuboid.dat

===============================================================================
/home/kamil/Pulpit/po/rep1/zad5_3-Orlowski-K/tests/main.cpp:550:
TEST CASE:  Test wykrywania kolizji - ponizej gory (kolizja)

/home/kamil/Pulpit/po/rep1/zad5_3-Orlowski-K/tests/main.cpp:565: ERROR: CHECK( !Scene.Check_Landing_Zone() ) is NOT correct!
  values: CHECK( false )

===============================================================================
[doctest] test cases: 50 | 45 passed | 5 failed | 0 skipped
[doctest] assertions: 50 | 45 passed | 5 failed |
[doctest] Status: FAILURE!
<end of output>
Test time =   0.00 sec
----------------------------------------------------------
Test Failed.
"program.unit_tests" end time: Jun 20 13:47 CEST
"program.unit_tests" time elapsed: 00:00:00
----------------------------------------------------------

End testing: Jun 20 13:47 CEST
